<?xml version="1.0" encoding="UTF-8"?>
<testng-results ignored="0" total="1" passed="1" failed="0" skipped="0">
  <reporter-output>
  </reporter-output>
  <suite started-at="2022-01-02T23:13:59 IST" name="All Test Suite" finished-at="2022-01-02T23:14:20 IST" duration-ms="21773">
    <groups>
    </groups>
    <test started-at="2022-01-02T23:13:59 IST" name="/home/dell/Selenium_Automation/src/main/java" finished-at="2022-01-02T23:14:20 IST" duration-ms="21773">
      <class name="org.example.GenaricAutomation">
        <test-method is-config="true" signature="setup()[pri:0, instance:org.example.GenaricAutomation@2898ac89]" started-at="2022-01-02T23:13:59 IST" name="setup" finished-at="2022-01-02T23:13:59 IST" duration-ms="32" status="PASS">
          <reporter-output>
          </reporter-output>
        </test-method> <!-- setup -->
        <test-method signature="Test()[pri:0, instance:org.example.GenaricAutomation@2898ac89]" started-at="2022-01-02T23:13:59 IST" name="Test" finished-at="2022-01-02T23:14:20 IST" duration-ms="21657" status="PASS">
          <reporter-output>
          </reporter-output>
        </test-method> <!-- Test -->
      </class> <!-- org.example.GenaricAutomation -->
    </test> <!-- /home/dell/Selenium_Automation/src/main/java -->
  </suite> <!-- All Test Suite -->
</testng-results>
