<?xml version="1.0" encoding="UTF-8"?>
<testng-results ignored="0" total="3" passed="3" failed="0" skipped="0">
  <reporter-output>
  </reporter-output>
  <suite started-at="2022-01-24T10:32:42 IST" name="All Test Suite" finished-at="2022-01-24T10:32:56 IST" duration-ms="13820">
    <groups>
    </groups>
    <test started-at="2022-01-24T10:32:42 IST" name="Chrome" finished-at="2022-01-24T10:32:50 IST" duration-ms="7755">
      <class name="org.example.GenaricAutomation">
        <test-method is-config="true" signature="launchBrowser(java.lang.String)[pri:0, instance:org.example.GenaricAutomation@5b239d7d]" started-at="2022-01-24T10:32:42 IST" name="launchBrowser" finished-at="2022-01-24T10:32:45 IST" duration-ms="2277" status="PASS">
          <params>
            <param index="0">
              <value>
                <![CDATA[Chrome]]>
              </value>
            </param>
          </params>
          <reporter-output>
          </reporter-output>
        </test-method> <!-- launchBrowser -->
        <test-method is-config="true" signature="setup()[pri:0, instance:org.example.GenaricAutomation@5b239d7d]" started-at="2022-01-24T10:32:45 IST" name="setup" finished-at="2022-01-24T10:32:45 IST" duration-ms="0" status="PASS">
          <reporter-output>
          </reporter-output>
        </test-method> <!-- setup -->
        <test-method signature="Test()[pri:0, instance:org.example.GenaricAutomation@5b239d7d]" started-at="2022-01-24T10:32:45 IST" name="Test" finished-at="2022-01-24T10:32:50 IST" duration-ms="5421" status="PASS">
          <reporter-output>
          </reporter-output>
        </test-method> <!-- Test -->
      </class> <!-- org.example.GenaricAutomation -->
    </test> <!-- Chrome -->
    <test started-at="2022-01-24T10:32:42 IST" name="Edge" finished-at="2022-01-24T10:32:51 IST" duration-ms="9148">
      <class name="org.example.GenaricAutomation">
        <test-method is-config="true" signature="launchBrowser(java.lang.String)[pri:0, instance:org.example.GenaricAutomation@52bf72b5]" started-at="2022-01-24T10:32:42 IST" name="launchBrowser" finished-at="2022-01-24T10:32:46 IST" duration-ms="4024" status="PASS">
          <params>
            <param index="0">
              <value>
                <![CDATA[Edge]]>
              </value>
            </param>
          </params>
          <reporter-output>
          </reporter-output>
        </test-method> <!-- launchBrowser -->
        <test-method is-config="true" signature="setup()[pri:0, instance:org.example.GenaricAutomation@52bf72b5]" started-at="2022-01-24T10:32:46 IST" name="setup" finished-at="2022-01-24T10:32:46 IST" duration-ms="2" status="PASS">
          <reporter-output>
          </reporter-output>
        </test-method> <!-- setup -->
        <test-method signature="Test()[pri:0, instance:org.example.GenaricAutomation@52bf72b5]" started-at="2022-01-24T10:32:46 IST" name="Test" finished-at="2022-01-24T10:32:51 IST" duration-ms="5108" status="PASS">
          <reporter-output>
          </reporter-output>
        </test-method> <!-- Test -->
      </class> <!-- org.example.GenaricAutomation -->
    </test> <!-- Edge -->
    <test started-at="2022-01-24T10:32:42 IST" name="Firefox" finished-at="2022-01-24T10:32:56 IST" duration-ms="13820">
      <class name="org.example.GenaricAutomation">
        <test-method is-config="true" signature="launchBrowser(java.lang.String)[pri:0, instance:org.example.GenaricAutomation@6eda5c9]" started-at="2022-01-24T10:32:42 IST" name="launchBrowser" finished-at="2022-01-24T10:32:52 IST" duration-ms="9224" status="PASS">
          <params>
            <param index="0">
              <value>
                <![CDATA[Firefox]]>
              </value>
            </param>
          </params>
          <reporter-output>
          </reporter-output>
        </test-method> <!-- launchBrowser -->
        <test-method is-config="true" signature="setup()[pri:0, instance:org.example.GenaricAutomation@6eda5c9]" started-at="2022-01-24T10:32:52 IST" name="setup" finished-at="2022-01-24T10:32:52 IST" duration-ms="2" status="PASS">
          <reporter-output>
          </reporter-output>
        </test-method> <!-- setup -->
        <test-method signature="Test()[pri:0, instance:org.example.GenaricAutomation@6eda5c9]" started-at="2022-01-24T10:32:52 IST" name="Test" finished-at="2022-01-24T10:32:56 IST" duration-ms="4582" status="PASS">
          <reporter-output>
          </reporter-output>
        </test-method> <!-- Test -->
      </class> <!-- org.example.GenaricAutomation -->
    </test> <!-- Firefox -->
  </suite> <!-- All Test Suite -->
</testng-results>
